<?xml version="1.0" encoding="UTF-8"?>
<testng-results ignored="0" total="32" passed="30" failed="2" skipped="0">
  <reporter-output>
  </reporter-output>
  <suite started-at="2022-08-18T10:40:55 IST" name="Default suite" finished-at="2022-08-18T10:43:37 IST" duration-ms="161982">
    <groups>
    </groups>
    <test started-at="2022-08-18T10:40:55 IST" name="Default test" finished-at="2022-08-18T10:43:37 IST" duration-ms="161982">
      <class name="apacheDD.Peer_Conn">
        <test-method is-config="true" signature="setUp()[pri:0, instance:apacheDD.Peer_Conn@534a5a98]" started-at="2022-08-18T10:40:55 IST" name="setUp" finished-at="2022-08-18T10:41:00 IST" duration-ms="5723" status="PASS">
          <reporter-output>
          </reporter-output>
        </test-method> <!-- setUp -->
        <test-method signature="VerifyloginTest(java.lang.String,java.lang.String)[pri:1, instance:apacheDD.Peer_Conn@534a5a98]" started-at="2022-08-18T10:41:02 IST" name="VerifyloginTest" data-provider="LoginData" finished-at="2022-08-18T10:41:18 IST" duration-ms="15999" status="PASS">
          <params>
            <param index="0">
              <value>
                <![CDATA[ravindrah+demodistyuser1@openspaceservices.com]]>
              </value>
            </param>
            <param index="1">
              <value>
                <![CDATA[Round@123]]>
              </value>
            </param>
          </params>
          <reporter-output>
          </reporter-output>
        </test-method> <!-- VerifyloginTest -->
        <test-method signature="SiteActivity()[pri:2, instance:apacheDD.Peer_Conn@534a5a98]" started-at="2022-08-18T10:41:18 IST" name="SiteActivity" finished-at="2022-08-18T10:41:18 IST" duration-ms="135" status="PASS">
          <reporter-output>
          </reporter-output>
        </test-method> <!-- SiteActivity -->
        <test-method signature="DatePick(java.lang.String,java.lang.String)[pri:3, instance:apacheDD.Peer_Conn@534a5a98]" started-at="2022-08-18T10:41:18 IST" name="DatePick" data-provider="DatePicker" finished-at="2022-08-18T10:41:19 IST" duration-ms="1094" status="PASS">
          <params>
            <param index="0">
              <value>
                <![CDATA[06-15-2018]]>
              </value>
            </param>
            <param index="1">
              <value>
                <![CDATA[07-17-2022]]>
              </value>
            </param>
          </params>
          <reporter-output>
          </reporter-output>
        </test-method> <!-- DatePick -->
        <test-method signature="DatePick(java.lang.String,java.lang.String)[pri:3, instance:apacheDD.Peer_Conn@534a5a98]" started-at="2022-08-18T10:41:19 IST" name="DatePick" data-provider="DatePicker" finished-at="2022-08-18T10:41:20 IST" duration-ms="582" status="PASS">
          <params>
            <param index="0">
              <value>
                <![CDATA[09-20-2019]]>
              </value>
            </param>
            <param index="1">
              <value>
                <![CDATA[08-11-2021]]>
              </value>
            </param>
          </params>
          <reporter-output>
          </reporter-output>
        </test-method> <!-- DatePick -->
        <test-method signature="DatePick(java.lang.String,java.lang.String)[pri:3, instance:apacheDD.Peer_Conn@534a5a98]" started-at="2022-08-18T10:41:20 IST" name="DatePick" data-provider="DatePicker" finished-at="2022-08-18T10:41:21 IST" duration-ms="638" status="PASS">
          <params>
            <param index="0">
              <value>
                <![CDATA[10-08-2020]]>
              </value>
            </param>
            <param index="1">
              <value>
                <![CDATA[07-15-2022]]>
              </value>
            </param>
          </params>
          <reporter-output>
          </reporter-output>
        </test-method> <!-- DatePick -->
        <test-method signature="DatePick(java.lang.String,java.lang.String)[pri:3, instance:apacheDD.Peer_Conn@534a5a98]" started-at="2022-08-18T10:41:21 IST" name="DatePick" data-provider="DatePicker" finished-at="2022-08-18T10:41:21 IST" duration-ms="521" status="PASS">
          <params>
            <param index="0">
              <value>
                <![CDATA[04-05-2018]]>
              </value>
            </param>
            <param index="1">
              <value>
                <![CDATA[02-28-2019]]>
              </value>
            </param>
          </params>
          <reporter-output>
          </reporter-output>
        </test-method> <!-- DatePick -->
        <test-method signature="DatePick(java.lang.String,java.lang.String)[pri:3, instance:apacheDD.Peer_Conn@534a5a98]" started-at="2022-08-18T10:41:21 IST" name="DatePick" data-provider="DatePicker" finished-at="2022-08-18T10:41:22 IST" duration-ms="633" status="PASS">
          <params>
            <param index="0">
              <value>
                <![CDATA[03-22-2018]]>
              </value>
            </param>
            <param index="1">
              <value>
                <![CDATA[02-03-2022]]>
              </value>
            </param>
          </params>
          <reporter-output>
          </reporter-output>
        </test-method> <!-- DatePick -->
        <test-method signature="LoginNoOfOrg()[pri:4, instance:apacheDD.Peer_Conn@534a5a98]" started-at="2022-08-18T10:41:22 IST" name="LoginNoOfOrg" finished-at="2022-08-18T10:41:22 IST" duration-ms="212" status="PASS">
          <reporter-output>
          </reporter-output>
        </test-method> <!-- LoginNoOfOrg -->
        <test-method signature="DatePic(java.lang.String,java.lang.String)[pri:5, instance:apacheDD.Peer_Conn@534a5a98]" started-at="2022-08-18T10:41:23 IST" name="DatePic" data-provider="DatePicker" finished-at="2022-08-18T10:41:24 IST" duration-ms="954" status="PASS">
          <params>
            <param index="0">
              <value>
                <![CDATA[06-15-2018]]>
              </value>
            </param>
            <param index="1">
              <value>
                <![CDATA[07-17-2022]]>
              </value>
            </param>
          </params>
          <reporter-output>
          </reporter-output>
        </test-method> <!-- DatePic -->
        <test-method signature="DatePic(java.lang.String,java.lang.String)[pri:5, instance:apacheDD.Peer_Conn@534a5a98]" started-at="2022-08-18T10:41:24 IST" name="DatePic" data-provider="DatePicker" finished-at="2022-08-18T10:41:24 IST" duration-ms="703" status="PASS">
          <params>
            <param index="0">
              <value>
                <![CDATA[09-20-2019]]>
              </value>
            </param>
            <param index="1">
              <value>
                <![CDATA[08-11-2021]]>
              </value>
            </param>
          </params>
          <reporter-output>
          </reporter-output>
        </test-method> <!-- DatePic -->
        <test-method signature="DatePic(java.lang.String,java.lang.String)[pri:5, instance:apacheDD.Peer_Conn@534a5a98]" started-at="2022-08-18T10:41:24 IST" name="DatePic" data-provider="DatePicker" finished-at="2022-08-18T10:41:25 IST" duration-ms="754" status="PASS">
          <params>
            <param index="0">
              <value>
                <![CDATA[10-08-2020]]>
              </value>
            </param>
            <param index="1">
              <value>
                <![CDATA[07-15-2022]]>
              </value>
            </param>
          </params>
          <reporter-output>
          </reporter-output>
        </test-method> <!-- DatePic -->
        <test-method signature="DatePic(java.lang.String,java.lang.String)[pri:5, instance:apacheDD.Peer_Conn@534a5a98]" started-at="2022-08-18T10:41:25 IST" name="DatePic" data-provider="DatePicker" finished-at="2022-08-18T10:41:26 IST" duration-ms="798" status="PASS">
          <params>
            <param index="0">
              <value>
                <![CDATA[04-05-2018]]>
              </value>
            </param>
            <param index="1">
              <value>
                <![CDATA[02-28-2019]]>
              </value>
            </param>
          </params>
          <reporter-output>
          </reporter-output>
        </test-method> <!-- DatePic -->
        <test-method signature="DatePic(java.lang.String,java.lang.String)[pri:5, instance:apacheDD.Peer_Conn@534a5a98]" started-at="2022-08-18T10:41:26 IST" name="DatePic" data-provider="DatePicker" finished-at="2022-08-18T10:41:27 IST" duration-ms="763" status="PASS">
          <params>
            <param index="0">
              <value>
                <![CDATA[03-22-2018]]>
              </value>
            </param>
            <param index="1">
              <value>
                <![CDATA[02-03-2022]]>
              </value>
            </param>
          </params>
          <reporter-output>
          </reporter-output>
        </test-method> <!-- DatePic -->
        <test-method signature="Search(java.lang.String)[pri:6, instance:apacheDD.Peer_Conn@534a5a98]" started-at="2022-08-18T10:41:27 IST" name="Search" data-provider="SearchOrgName" finished-at="2022-08-18T10:41:30 IST" duration-ms="2946" status="PASS">
          <params>
            <param index="0">
              <value>
                <![CDATA[NIRAJDIRECTTEST]]>
              </value>
            </param>
          </params>
          <reporter-output>
          </reporter-output>
        </test-method> <!-- Search -->
        <test-method signature="Search(java.lang.String)[pri:6, instance:apacheDD.Peer_Conn@534a5a98]" started-at="2022-08-18T10:41:30 IST" name="Search" data-provider="SearchOrgName" finished-at="2022-08-18T10:41:32 IST" duration-ms="2727" status="PASS">
          <params>
            <param index="0">
              <value>
                <![CDATA[Historia Reiss']]>
              </value>
            </param>
          </params>
          <reporter-output>
          </reporter-output>
        </test-method> <!-- Search -->
        <test-method signature="Search(java.lang.String)[pri:6, instance:apacheDD.Peer_Conn@534a5a98]" started-at="2022-08-18T10:41:32 IST" name="Search" data-provider="SearchOrgName" finished-at="2022-08-18T10:41:35 IST" duration-ms="2644" status="PASS">
          <params>
            <param index="0">
              <value>
                <![CDATA[test 2]]>
              </value>
            </param>
          </params>
          <reporter-output>
          </reporter-output>
        </test-method> <!-- Search -->
        <test-method signature="SearchOrgName()[pri:7, instance:apacheDD.Peer_Conn@534a5a98]" started-at="2022-08-18T10:41:35 IST" name="SearchOrgName" finished-at="2022-08-18T10:41:45 IST" duration-ms="9508" status="PASS">
          <reporter-output>
          </reporter-output>
        </test-method> <!-- SearchOrgName -->
        <test-method signature="GotoPage(java.lang.String)[pri:8, instance:apacheDD.Peer_Conn@534a5a98]" started-at="2022-08-18T10:41:45 IST" name="GotoPage" data-provider="Goto" finished-at="2022-08-18T10:41:46 IST" duration-ms="1166" status="PASS">
          <params>
            <param index="0">
              <value>
                <![CDATA[3]]>
              </value>
            </param>
          </params>
          <reporter-output>
          </reporter-output>
        </test-method> <!-- GotoPage -->
        <test-method signature="GotoPage(java.lang.String)[pri:8, instance:apacheDD.Peer_Conn@534a5a98]" started-at="2022-08-18T10:41:46 IST" name="GotoPage" data-provider="Goto" finished-at="2022-08-18T10:41:47 IST" duration-ms="1142" status="PASS">
          <params>
            <param index="0">
              <value>
                <![CDATA[1]]>
              </value>
            </param>
          </params>
          <reporter-output>
          </reporter-output>
        </test-method> <!-- GotoPage -->
        <test-method signature="GotoPage(java.lang.String)[pri:8, instance:apacheDD.Peer_Conn@534a5a98]" started-at="2022-08-18T10:41:47 IST" name="GotoPage" data-provider="Goto" finished-at="2022-08-18T10:41:48 IST" duration-ms="1125" status="PASS">
          <params>
            <param index="0">
              <value>
                <![CDATA[2]]>
              </value>
            </param>
          </params>
          <reporter-output>
          </reporter-output>
        </test-method> <!-- GotoPage -->
        <test-method signature="ProductViews()[pri:9, instance:apacheDD.Peer_Conn@534a5a98]" started-at="2022-08-18T10:41:48 IST" name="ProductViews" finished-at="2022-08-18T10:42:18 IST" duration-ms="29758" status="PASS">
          <reporter-output>
          </reporter-output>
        </test-method> <!-- ProductViews -->
        <test-method signature="EyeSymbol(java.lang.String)[pri:10, instance:apacheDD.Peer_Conn@534a5a98]" started-at="2022-08-18T10:42:18 IST" name="EyeSymbol" data-provider="Eye" finished-at="2022-08-18T10:42:23 IST" duration-ms="5427" status="PASS">
          <params>
            <param index="0">
              <value>
                <![CDATA[Org Reseller 1705]]>
              </value>
            </param>
          </params>
          <reporter-output>
          </reporter-output>
        </test-method> <!-- EyeSymbol -->
        <test-method signature="EyeSymbol(java.lang.String)[pri:10, instance:apacheDD.Peer_Conn@534a5a98]" started-at="2022-08-18T10:42:23 IST" name="EyeSymbol" data-provider="Eye" finished-at="2022-08-18T10:42:29 IST" duration-ms="5395" status="PASS">
          <params>
            <param index="0">
              <value>
                <![CDATA[Historia Reiss']]>
              </value>
            </param>
          </params>
          <reporter-output>
          </reporter-output>
        </test-method> <!-- EyeSymbol -->
        <test-method signature="EyeSymbol(java.lang.String)[pri:10, instance:apacheDD.Peer_Conn@534a5a98]" started-at="2022-08-18T10:42:29 IST" name="EyeSymbol" data-provider="Eye" finished-at="2022-08-18T10:42:34 IST" duration-ms="5456" status="PASS">
          <params>
            <param index="0">
              <value>
                <![CDATA[Demo Reseller Company One]]>
              </value>
            </param>
          </params>
          <reporter-output>
          </reporter-output>
        </test-method> <!-- EyeSymbol -->
        <test-method signature="Scroll()[pri:11, instance:apacheDD.Peer_Conn@534a5a98]" started-at="2022-08-18T10:42:34 IST" name="Scroll" finished-at="2022-08-18T10:42:35 IST" duration-ms="1029" status="PASS">
          <reporter-output>
          </reporter-output>
        </test-method> <!-- Scroll -->
        <test-method signature="DateClick(java.lang.String,java.lang.String)[pri:12, instance:apacheDD.Peer_Conn@534a5a98]" started-at="2022-08-18T10:42:36 IST" name="DateClick" data-provider="DatePicker" finished-at="2022-08-18T10:42:36 IST" duration-ms="636" status="PASS">
          <params>
            <param index="0">
              <value>
                <![CDATA[06-15-2018]]>
              </value>
            </param>
            <param index="1">
              <value>
                <![CDATA[07-17-2022]]>
              </value>
            </param>
          </params>
          <reporter-output>
          </reporter-output>
        </test-method> <!-- DateClick -->
        <test-method signature="DateClick(java.lang.String,java.lang.String)[pri:12, instance:apacheDD.Peer_Conn@534a5a98]" started-at="2022-08-18T10:42:36 IST" name="DateClick" data-provider="DatePicker" finished-at="2022-08-18T10:42:37 IST" duration-ms="474" status="PASS">
          <params>
            <param index="0">
              <value>
                <![CDATA[09-20-2019]]>
              </value>
            </param>
            <param index="1">
              <value>
                <![CDATA[08-11-2021]]>
              </value>
            </param>
          </params>
          <reporter-output>
          </reporter-output>
        </test-method> <!-- DateClick -->
        <test-method signature="DateClick(java.lang.String,java.lang.String)[pri:12, instance:apacheDD.Peer_Conn@534a5a98]" started-at="2022-08-18T10:42:37 IST" name="DateClick" data-provider="DatePicker" finished-at="2022-08-18T10:42:37 IST" duration-ms="523" status="PASS">
          <params>
            <param index="0">
              <value>
                <![CDATA[10-08-2020]]>
              </value>
            </param>
            <param index="1">
              <value>
                <![CDATA[07-15-2022]]>
              </value>
            </param>
          </params>
          <reporter-output>
          </reporter-output>
        </test-method> <!-- DateClick -->
        <test-method signature="DateClick(java.lang.String,java.lang.String)[pri:12, instance:apacheDD.Peer_Conn@534a5a98]" started-at="2022-08-18T10:42:37 IST" name="DateClick" data-provider="DatePicker" finished-at="2022-08-18T10:42:38 IST" duration-ms="461" status="PASS">
          <params>
            <param index="0">
              <value>
                <![CDATA[04-05-2018]]>
              </value>
            </param>
            <param index="1">
              <value>
                <![CDATA[02-28-2019]]>
              </value>
            </param>
          </params>
          <reporter-output>
          </reporter-output>
        </test-method> <!-- DateClick -->
        <test-method signature="DateClick(java.lang.String,java.lang.String)[pri:12, instance:apacheDD.Peer_Conn@534a5a98]" started-at="2022-08-18T10:42:38 IST" name="DateClick" data-provider="DatePicker" finished-at="2022-08-18T10:42:38 IST" duration-ms="495" status="PASS">
          <params>
            <param index="0">
              <value>
                <![CDATA[03-22-2018]]>
              </value>
            </param>
            <param index="1">
              <value>
                <![CDATA[02-03-2022]]>
              </value>
            </param>
          </params>
          <reporter-output>
          </reporter-output>
        </test-method> <!-- DateClick -->
        <test-method signature="brand()[pri:13, instance:apacheDD.Peer_Conn@534a5a98]" started-at="2022-08-18T10:42:38 IST" name="brand" finished-at="2022-08-18T10:43:00 IST" duration-ms="22159" status="FAIL">
          <exception class="org.openqa.selenium.NoSuchElementException">
            <message>
              <![CDATA[no such element: Unable to locate element: {"method":"xpath","selector":"//div[text()='Baseus']"}
  (Session info: chrome=104.0.5112.81)
For documentation on this error, please visit: https://selenium.dev/exceptions/#no_such_element
Build info: version: '4.4.0', revision: 'e5c75ed026a'
System info: host: 'DIVYA-G', ip: '192.168.29.229', os.name: 'Windows 10', os.arch: 'amd64', os.version: '10.0', java.version: '17.0.2'
Driver info: org.openqa.selenium.chrome.ChromeDriver
Command: [20142707c9338db504ee522382950661, findElement {using=xpath, value=//div[text()='Baseus']}]
Capabilities {acceptInsecureCerts: false, browserName: chrome, browserVersion: 104.0.5112.81, chrome: {chromedriverVersion: 104.0.5112.79 (3cf3e8c8a07d..., userDataDir: C:\Users\ADMINI~1\AppData\L...}, goog:chromeOptions: {debuggerAddress: localhost:51704}, networkConnectionEnabled: false, pageLoadStrategy: normal, platformName: WINDOWS, proxy: Proxy(), se:cdp: ws://localhost:51704/devtoo..., se:cdpVersion: 104.0.5112.81, setWindowRect: true, strictFileInteractability: false, timeouts: {implicit: 0, pageLoad: 300000, script: 30000}, unhandledPromptBehavior: dismiss and notify, webauthn:extension:credBlob: true, webauthn:extension:largeBlob: true, webauthn:virtualAuthenticators: true}
Session ID: 20142707c9338db504ee522382950661]]>
            </message>
            <full-stacktrace>
              <![CDATA[org.openqa.selenium.NoSuchElementException: no such element: Unable to locate element: {"method":"xpath","selector":"//div[text()='Baseus']"}
  (Session info: chrome=104.0.5112.81)
For documentation on this error, please visit: https://selenium.dev/exceptions/#no_such_element
Build info: version: '4.4.0', revision: 'e5c75ed026a'
System info: host: 'DIVYA-G', ip: '192.168.29.229', os.name: 'Windows 10', os.arch: 'amd64', os.version: '10.0', java.version: '17.0.2'
Driver info: org.openqa.selenium.chrome.ChromeDriver
Command: [20142707c9338db504ee522382950661, findElement {using=xpath, value=//div[text()='Baseus']}]
Capabilities {acceptInsecureCerts: false, browserName: chrome, browserVersion: 104.0.5112.81, chrome: {chromedriverVersion: 104.0.5112.79 (3cf3e8c8a07d..., userDataDir: C:\Users\ADMINI~1\AppData\L...}, goog:chromeOptions: {debuggerAddress: localhost:51704}, networkConnectionEnabled: false, pageLoadStrategy: normal, platformName: WINDOWS, proxy: Proxy(), se:cdp: ws://localhost:51704/devtoo..., se:cdpVersion: 104.0.5112.81, setWindowRect: true, strictFileInteractability: false, timeouts: {implicit: 0, pageLoad: 300000, script: 30000}, unhandledPromptBehavior: dismiss and notify, webauthn:extension:credBlob: true, webauthn:extension:largeBlob: true, webauthn:virtualAuthenticators: true}
Session ID: 20142707c9338db504ee522382950661
at java.base/jdk.internal.reflect.NativeConstructorAccessorImpl.newInstance0(Native Method)
at java.base/jdk.internal.reflect.NativeConstructorAccessorImpl.newInstance(NativeConstructorAccessorImpl.java:77)
at java.base/jdk.internal.reflect.DelegatingConstructorAccessorImpl.newInstance(DelegatingConstructorAccessorImpl.java:45)
at java.base/java.lang.reflect.Constructor.newInstanceWithCaller(Constructor.java:499)
at java.base/java.lang.reflect.Constructor.newInstance(Constructor.java:480)
at org.openqa.selenium.remote.codec.w3c.W3CHttpResponseCodec.createException(W3CHttpResponseCodec.java:200)
at org.openqa.selenium.remote.codec.w3c.W3CHttpResponseCodec.decode(W3CHttpResponseCodec.java:133)
at org.openqa.selenium.remote.codec.w3c.W3CHttpResponseCodec.decode(W3CHttpResponseCodec.java:53)
at org.openqa.selenium.remote.HttpCommandExecutor.execute(HttpCommandExecutor.java:184)
at org.openqa.selenium.remote.service.DriverCommandExecutor.invokeExecute(DriverCommandExecutor.java:167)
at org.openqa.selenium.remote.service.DriverCommandExecutor.execute(DriverCommandExecutor.java:142)
at org.openqa.selenium.remote.RemoteWebDriver.execute(RemoteWebDriver.java:547)
at org.openqa.selenium.remote.ElementLocation$ElementFinder$2.findElement(ElementLocation.java:162)
at org.openqa.selenium.remote.ElementLocation.findElement(ElementLocation.java:60)
at org.openqa.selenium.remote.RemoteWebDriver.findElement(RemoteWebDriver.java:365)
at org.openqa.selenium.remote.RemoteWebDriver.findElement(RemoteWebDriver.java:357)
at apacheDD.Peer_Conn.brand(Peer_Conn.java:276)
at java.base/jdk.internal.reflect.NativeMethodAccessorImpl.invoke0(Native Method)
at java.base/jdk.internal.reflect.NativeMethodAccessorImpl.invoke(NativeMethodAccessorImpl.java:77)
at java.base/jdk.internal.reflect.DelegatingMethodAccessorImpl.invoke(DelegatingMethodAccessorImpl.java:43)
at java.base/java.lang.reflect.Method.invoke(Method.java:568)
at org.testng.internal.MethodInvocationHelper.invokeMethod(MethodInvocationHelper.java:133)
at org.testng.internal.TestInvoker.invokeMethod(TestInvoker.java:598)
at org.testng.internal.TestInvoker.invokeTestMethod(TestInvoker.java:173)
at org.testng.internal.MethodRunner.runInSequence(MethodRunner.java:46)
at org.testng.internal.TestInvoker$MethodInvocationAgent.invoke(TestInvoker.java:824)
at org.testng.internal.TestInvoker.invokeTestMethods(TestInvoker.java:146)
at org.testng.internal.TestMethodWorker.invokeTestMethods(TestMethodWorker.java:146)
at org.testng.internal.TestMethodWorker.run(TestMethodWorker.java:128)
at java.base/java.util.ArrayList.forEach(ArrayList.java:1511)
at org.testng.TestRunner.privateRun(TestRunner.java:794)
at org.testng.TestRunner.run(TestRunner.java:596)
at org.testng.SuiteRunner.runTest(SuiteRunner.java:377)
at org.testng.SuiteRunner.runSequentially(SuiteRunner.java:371)
at org.testng.SuiteRunner.privateRun(SuiteRunner.java:332)
at org.testng.SuiteRunner.run(SuiteRunner.java:276)
at org.testng.SuiteRunnerWorker.runSuite(SuiteRunnerWorker.java:53)
at org.testng.SuiteRunnerWorker.run(SuiteRunnerWorker.java:96)
at org.testng.TestNG.runSuitesSequentially(TestNG.java:1212)
at org.testng.TestNG.runSuitesLocally(TestNG.java:1134)
at org.testng.TestNG.runSuites(TestNG.java:1063)
at org.testng.TestNG.run(TestNG.java:1031)
at org.testng.remote.AbstractRemoteTestNG.run(AbstractRemoteTestNG.java:115)
at org.testng.remote.RemoteTestNG.initAndRun(RemoteTestNG.java:251)
at org.testng.remote.RemoteTestNG.main(RemoteTestNG.java:77)
]]>
            </full-stacktrace>
          </exception> <!-- org.openqa.selenium.NoSuchElementException -->
          <reporter-output>
          </reporter-output>
        </test-method> <!-- brand -->
        <test-method signature="Channel()[pri:14, instance:apacheDD.Peer_Conn@534a5a98]" started-at="2022-08-18T10:43:00 IST" name="Channel" finished-at="2022-08-18T10:43:31 IST" duration-ms="30764" status="FAIL">
          <exception class="org.openqa.selenium.NoSuchElementException">
            <message>
              <![CDATA[no such element: Unable to locate element: {"method":"xpath","selector":"//*[@id='root']/div[3]/div/div[2]/div/div/div[2]/div/div[3]/div/div/div[3]/a/i"}
  (Session info: chrome=104.0.5112.81)
For documentation on this error, please visit: https://selenium.dev/exceptions/#no_such_element
Build info: version: '4.4.0', revision: 'e5c75ed026a'
System info: host: 'DIVYA-G', ip: '192.168.29.229', os.name: 'Windows 10', os.arch: 'amd64', os.version: '10.0', java.version: '17.0.2'
Driver info: org.openqa.selenium.chrome.ChromeDriver
Command: [20142707c9338db504ee522382950661, findElement {using=xpath, value=//*[@id='root']/div[3]/div/div[2]/div/div/div[2]/div/div[3]/div/div/div[3]/a/i}]
Capabilities {acceptInsecureCerts: false, browserName: chrome, browserVersion: 104.0.5112.81, chrome: {chromedriverVersion: 104.0.5112.79 (3cf3e8c8a07d..., userDataDir: C:\Users\ADMINI~1\AppData\L...}, goog:chromeOptions: {debuggerAddress: localhost:51704}, networkConnectionEnabled: false, pageLoadStrategy: normal, platformName: WINDOWS, proxy: Proxy(), se:cdp: ws://localhost:51704/devtoo..., se:cdpVersion: 104.0.5112.81, setWindowRect: true, strictFileInteractability: false, timeouts: {implicit: 0, pageLoad: 300000, script: 30000}, unhandledPromptBehavior: dismiss and notify, webauthn:extension:credBlob: true, webauthn:extension:largeBlob: true, webauthn:virtualAuthenticators: true}
Session ID: 20142707c9338db504ee522382950661]]>
            </message>
            <full-stacktrace>
              <![CDATA[org.openqa.selenium.NoSuchElementException: no such element: Unable to locate element: {"method":"xpath","selector":"//*[@id='root']/div[3]/div/div[2]/div/div/div[2]/div/div[3]/div/div/div[3]/a/i"}
  (Session info: chrome=104.0.5112.81)
For documentation on this error, please visit: https://selenium.dev/exceptions/#no_such_element
Build info: version: '4.4.0', revision: 'e5c75ed026a'
System info: host: 'DIVYA-G', ip: '192.168.29.229', os.name: 'Windows 10', os.arch: 'amd64', os.version: '10.0', java.version: '17.0.2'
Driver info: org.openqa.selenium.chrome.ChromeDriver
Command: [20142707c9338db504ee522382950661, findElement {using=xpath, value=//*[@id='root']/div[3]/div/div[2]/div/div/div[2]/div/div[3]/div/div/div[3]/a/i}]
Capabilities {acceptInsecureCerts: false, browserName: chrome, browserVersion: 104.0.5112.81, chrome: {chromedriverVersion: 104.0.5112.79 (3cf3e8c8a07d..., userDataDir: C:\Users\ADMINI~1\AppData\L...}, goog:chromeOptions: {debuggerAddress: localhost:51704}, networkConnectionEnabled: false, pageLoadStrategy: normal, platformName: WINDOWS, proxy: Proxy(), se:cdp: ws://localhost:51704/devtoo..., se:cdpVersion: 104.0.5112.81, setWindowRect: true, strictFileInteractability: false, timeouts: {implicit: 0, pageLoad: 300000, script: 30000}, unhandledPromptBehavior: dismiss and notify, webauthn:extension:credBlob: true, webauthn:extension:largeBlob: true, webauthn:virtualAuthenticators: true}
Session ID: 20142707c9338db504ee522382950661
at java.base/jdk.internal.reflect.NativeConstructorAccessorImpl.newInstance0(Native Method)
at java.base/jdk.internal.reflect.NativeConstructorAccessorImpl.newInstance(NativeConstructorAccessorImpl.java:77)
at java.base/jdk.internal.reflect.DelegatingConstructorAccessorImpl.newInstance(DelegatingConstructorAccessorImpl.java:45)
at java.base/java.lang.reflect.Constructor.newInstanceWithCaller(Constructor.java:499)
at java.base/java.lang.reflect.Constructor.newInstance(Constructor.java:480)
at org.openqa.selenium.remote.codec.w3c.W3CHttpResponseCodec.createException(W3CHttpResponseCodec.java:200)
at org.openqa.selenium.remote.codec.w3c.W3CHttpResponseCodec.decode(W3CHttpResponseCodec.java:133)
at org.openqa.selenium.remote.codec.w3c.W3CHttpResponseCodec.decode(W3CHttpResponseCodec.java:53)
at org.openqa.selenium.remote.HttpCommandExecutor.execute(HttpCommandExecutor.java:184)
at org.openqa.selenium.remote.service.DriverCommandExecutor.invokeExecute(DriverCommandExecutor.java:167)
at org.openqa.selenium.remote.service.DriverCommandExecutor.execute(DriverCommandExecutor.java:142)
at org.openqa.selenium.remote.RemoteWebDriver.execute(RemoteWebDriver.java:547)
at org.openqa.selenium.remote.ElementLocation$ElementFinder$2.findElement(ElementLocation.java:162)
at org.openqa.selenium.remote.ElementLocation.findElement(ElementLocation.java:60)
at org.openqa.selenium.remote.RemoteWebDriver.findElement(RemoteWebDriver.java:365)
at org.openqa.selenium.remote.RemoteWebDriver.findElement(RemoteWebDriver.java:357)
at apacheDD.Peer_Conn.Channel(Peer_Conn.java:314)
at java.base/jdk.internal.reflect.NativeMethodAccessorImpl.invoke0(Native Method)
at java.base/jdk.internal.reflect.NativeMethodAccessorImpl.invoke(NativeMethodAccessorImpl.java:77)
at java.base/jdk.internal.reflect.DelegatingMethodAccessorImpl.invoke(DelegatingMethodAccessorImpl.java:43)
at java.base/java.lang.reflect.Method.invoke(Method.java:568)
at org.testng.internal.MethodInvocationHelper.invokeMethod(MethodInvocationHelper.java:133)
at org.testng.internal.TestInvoker.invokeMethod(TestInvoker.java:598)
at org.testng.internal.TestInvoker.invokeTestMethod(TestInvoker.java:173)
at org.testng.internal.MethodRunner.runInSequence(MethodRunner.java:46)
at org.testng.internal.TestInvoker$MethodInvocationAgent.invoke(TestInvoker.java:824)
at org.testng.internal.TestInvoker.invokeTestMethods(TestInvoker.java:146)
at org.testng.internal.TestMethodWorker.invokeTestMethods(TestMethodWorker.java:146)
at org.testng.internal.TestMethodWorker.run(TestMethodWorker.java:128)
at java.base/java.util.ArrayList.forEach(ArrayList.java:1511)
at org.testng.TestRunner.privateRun(TestRunner.java:794)
at org.testng.TestRunner.run(TestRunner.java:596)
at org.testng.SuiteRunner.runTest(SuiteRunner.java:377)
at org.testng.SuiteRunner.runSequentially(SuiteRunner.java:371)
at org.testng.SuiteRunner.privateRun(SuiteRunner.java:332)
at org.testng.SuiteRunner.run(SuiteRunner.java:276)
at org.testng.SuiteRunnerWorker.runSuite(SuiteRunnerWorker.java:53)
at org.testng.SuiteRunnerWorker.run(SuiteRunnerWorker.java:96)
at org.testng.TestNG.runSuitesSequentially(TestNG.java:1212)
at org.testng.TestNG.runSuitesLocally(TestNG.java:1134)
at org.testng.TestNG.runSuites(TestNG.java:1063)
at org.testng.TestNG.run(TestNG.java:1031)
at org.testng.remote.AbstractRemoteTestNG.run(AbstractRemoteTestNG.java:115)
at org.testng.remote.RemoteTestNG.initAndRun(RemoteTestNG.java:251)
at org.testng.remote.RemoteTestNG.main(RemoteTestNG.java:77)
]]>
            </full-stacktrace>
          </exception> <!-- org.openqa.selenium.NoSuchElementException -->
          <reporter-output>
          </reporter-output>
        </test-method> <!-- Channel -->
        <test-method is-config="true" signature="teadDown()[pri:0, instance:apacheDD.Peer_Conn@534a5a98]" started-at="2022-08-18T10:43:31 IST" name="teadDown" finished-at="2022-08-18T10:43:37 IST" duration-ms="5594" status="PASS">
          <reporter-output>
          </reporter-output>
        </test-method> <!-- teadDown -->
      </class> <!-- apacheDD.Peer_Conn -->
    </test> <!-- Default test -->
  </suite> <!-- Default suite -->
</testng-results>
